<?xml version="1.0" encoding="UTF-8"?>
<!-- Generated by org.testng.reporters.JUnitReportReporter -->
<testsuite hostname="DESKTOP-KQBH998" failures="0" tests="2" name="com.Amazone" time="10.112" errors="0" timestamp="18 Sep 2024 05:11:42 GMT" skipped="0">
  <testcase classname="com.Amazone" name="sell" time="3.601"/>
  <testcase classname="com.Amazone" name="mobile" time="6.511"/>
</testsuite> <!-- com.Amazone -->
