<?xml version="1.0" encoding="UTF-8"?>
<!-- Generated by org.testng.reporters.JUnitReportReporter -->
<testsuite hostname="DESKTOP-KQBH998" failures="0" tests="3" name="basic.Account" time="0.045" errors="0" timestamp="13 Sep 2024 09:28:46 GMT" skipped="0">
  <testcase classname="basic.Account" name="savingAccount" time="0.036"/>
  <testcase classname="basic.Account" name="currentAcoount" time="0.004"/>
  <testcase classname="basic.Account" name="loanAccount" time="0.005"/>
</testsuite> <!-- basic.Account -->
