<?xml version="1.0" encoding="UTF-8"?>
<!-- Generated by org.testng.reporters.JUnitReportReporter -->
<testsuite hostname="DESKTOP-KQBH998" failures="0" tests="3" name="com.Dependancy" time="0.018" errors="0" timestamp="18 Sep 2024 06:34:13 GMT" skipped="0">
  <testcase classname="com.Dependancy" name="login" time="0.013"/>
  <testcase classname="com.Dependancy" name="home" time="0.003"/>
  <testcase classname="com.Dependancy" name="logout" time="0.002"/>
</testsuite> <!-- com.Dependancy -->
