<?xml version="1.0" encoding="UTF-8"?>
<!-- Generated by org.testng.reporters.JUnitReportReporter -->
<testsuite hostname="DESKTOP-KQBH998" failures="0" tests="2" name="com.ExcpetionHandling" time="0.028" errors="0" timestamp="18 Sep 2024 06:31:15 GMT" skipped="0">
  <testcase classname="com.ExcpetionHandling" name="test" time="0.021"/>
  <testcase classname="com.ExcpetionHandling" name="test1" time="0.007"/>
</testsuite> <!-- com.ExcpetionHandling -->
