<?xml version="1.0" encoding="UTF-8"?>
<!-- Generated by org.testng.reporters.JUnitReportReporter -->
<testsuite hostname="DESKTOP-KQBH998" failures="0" tests="6" name="basic.Payment" time="0.022" errors="0" timestamp="16 Sep 2024 06:17:11 GMT" skipped="0">
  <testcase classname="basic.Payment" name="debitCart" time="0.004"/>
  <testcase classname="basic.Payment" name="creditCard" time="0.003"/>
  <testcase classname="basic.Payment" name="Cod" time="0.000"/>
  <testcase classname="basic.Payment" name="Cod" time="0.011"/>
  <testcase classname="basic.Payment" name="debitCart" time="0.003"/>
  <testcase classname="basic.Payment" name="creditCard" time="0.001"/>
</testsuite> <!-- basic.Payment -->
