<?xml version="1.0" encoding="UTF-8"?>
<!-- Generated by org.testng.reporters.JUnitReportReporter -->
<testsuite hostname="DESKTOP-KQBH998" failures="0" tests="1" name="para.Parametres_Demo" time="4.237" errors="0" timestamp="18 Sep 2024 05:19:16 GMT" skipped="0">
  <testcase classname="para.Parametres_Demo" name="test" time="4.237"/>
</testsuite> <!-- para.Parametres_Demo -->
