<?xml version="1.0" encoding="UTF-8"?>
<!-- Generated by org.testng.reporters.JUnitReportReporter -->
<testsuite hostname="DESKTOP-KQBH998" failures="0" tests="3" name="com.NewTest" time="0.038" errors="0" timestamp="13 Sep 2024 08:46:32 GMT" skipped="1">
  <testcase classname="com.NewTest" name="test" time="0.023"/>
  <testcase classname="com.NewTest" name="beta" time="0.015"/>
  <testcase classname="com.NewTest" name="alpha">
    <skipped/>
  </testcase> <!-- alpha -->
</testsuite> <!-- com.NewTest -->
