<?xml version="1.0" encoding="UTF-8"?>
<!-- Generated by org.testng.reporters.JUnitReportReporter -->
<testsuite hostname="DESKTOP-KQBH998" failures="0" tests="6" name="basic.Payment" time="0.044" errors="0" timestamp="13 Sep 2024 09:28:46 GMT" skipped="0">
  <testcase classname="basic.Payment" name="debitCart" time="0.002"/>
  <testcase classname="basic.Payment" name="debitCart" time="0.010"/>
  <testcase classname="basic.Payment" name="Cod" time="0.009"/>
  <testcase classname="basic.Payment" name="creditCard" time="0.008"/>
  <testcase classname="basic.Payment" name="Cod" time="0.008"/>
  <testcase classname="basic.Payment" name="creditCard" time="0.007"/>
</testsuite> <!-- basic.Payment -->
