<?xml version="1.0" encoding="UTF-8"?>
<!-- Generated by org.testng.reporters.JUnitReportReporter -->
<testsuite hostname="DESKTOP-KQBH998" failures="0" tests="4" name="para.Parametres_Demo2" time="63.561" errors="0" timestamp="18 Sep 2024 05:26:25 GMT" skipped="0">
  <testcase classname="para.Parametres_Demo2" name="test" time="29.335"/>
  <testcase classname="para.Parametres_Demo2" name="test" time="22.465"/>
  <testcase classname="para.Parametres_Demo2" name="test" time="5.839"/>
  <testcase classname="para.Parametres_Demo2" name="test" time="5.922"/>
</testsuite> <!-- para.Parametres_Demo2 -->
