<?xml version="1.0" encoding="UTF-8"?>
<!-- Generated by org.testng.reporters.JUnitReportReporter -->
<testsuite hostname="DESKTOP-KQBH998" failures="0" tests="6" name="com.Hybrid" time="3.229" errors="0" timestamp="25 Sep 2024 05:18:37 GMT" skipped="0">
  <testcase classname="com.Hybrid" name="test" time="0.281"/>
  <testcase classname="com.Hybrid" name="test" time="0.122"/>
  <testcase classname="com.Hybrid" name="test" time="2.144"/>
  <testcase classname="com.Hybrid" name="test" time="0.104"/>
  <testcase classname="com.Hybrid" name="test" time="0.206"/>
  <testcase classname="com.Hybrid" name="test" time="0.372"/>
</testsuite> <!-- com.Hybrid -->
