<?xml version="1.0" encoding="UTF-8"?>
<!-- Generated by org.testng.reporters.JUnitReportReporter -->
<testsuite hostname="DESKTOP-KQBH998" failures="0" tests="2" name="com.Datadriven" time="0.631" errors="0" timestamp="23 Sep 2024 05:19:17 GMT" skipped="0">
  <testcase classname="com.Datadriven" name="test" time="0.334"/>
  <testcase classname="com.Datadriven" name="test" time="0.297"/>
</testsuite> <!-- com.Datadriven -->
