<?xml version="1.0" encoding="UTF-8"?>
<!-- Generated by org.testng.reporters.JUnitReportReporter -->
<testsuite hostname="DESKTOP-KQBH998" failures="0" tests="2" name="basic.MyTest" time="0.002" errors="0" timestamp="30 Sep 2024 05:40:02 GMT" skipped="0">
  <testcase classname="basic.MyTest" name="alpha" time="0.001"/>
  <testcase classname="basic.MyTest" name="beta" time="0.001"/>
</testsuite> <!-- basic.MyTest -->
