<?xml version="1.0" encoding="UTF-8"?>
<!-- Generated by org.testng.reporters.JUnitReportReporter -->
<testsuite hostname="DESKTOP-KQBH998" failures="0" tests="2" name="basic.NewTest" time="0.019" errors="0" timestamp="30 Sep 2024 05:40:02 GMT" skipped="0">
  <testcase classname="basic.NewTest" name="xyz" time="0.000"/>
  <testcase classname="basic.NewTest" name="abc" time="0.019"/>
</testsuite> <!-- basic.NewTest -->
