<?xml version="1.0" encoding="UTF-8"?>
<!-- Generated by org.testng.reporters.JUnitReportReporter -->
<testsuite hostname="DESKTOP-KQBH998" failures="0" tests="1" name="com.LoginTest" time="6.685" errors="0" timestamp="27 Sep 2024 05:51:16 GMT" skipped="0">
  <testcase classname="com.LoginTest" name="test" time="6.685"/>
</testsuite> <!-- com.LoginTest -->
